CLDS:>>>>>>>>> Running inst-std-multimedia-mpv.sh ...
Reading package lists...
Building dependency tree...
Reading state information...
Some packages could not be installed. This may mean that you have
requested an impossible situation or if you are using the unstable
distribution that some required packages have not yet been created
or been moved out of Incoming.
The following information may help to resolve the situation:

The following packages have unmet dependencies:
 libegl-mesa0 : Depends: libgbm1 (= 22.3.6-1+deb12u1) but 24.2.8-1~bpo12+1 is to be installed
                Depends: libglapi-mesa (= 22.3.6-1+deb12u1) but 24.2.8-1~bpo12+1 is to be installed
 libglx-mesa0 : Depends: libglapi-mesa (= 22.3.6-1+deb12u1) but 24.2.8-1~bpo12+1 is to be installed
E: Unable to correct problems, you have held broken packages.
'./cld/bashrc.d/bashrc-alias-mpv.sh' -> '/usr/local/cld/bashrc.d/bashrc-alias-mpv.sh'
'./cld/doc/mpv-help.txt' -> '/usr/local/cld/doc/mpv-help.txt'
'./cld/home/.config/mpv' -> '/usr/local/cld/home/.config/mpv'
'./cld/home/.config/mpv/input.conf' -> '/usr/local/cld/home/.config/mpv/input.conf'
'./cld/home/.config/mpv/mpv.conf' -> '/usr/local/cld/home/.config/mpv/mpv.conf'
/root/scripts/repository/inst-std-multimedia-mpv/inst-std-multimedia-mpv.sh: line 19: mpv: command not found
CLDS: * Install Media Player: .
CLDS: * Add multiple aliases for MPV.
CLDS: * Add useful mpv keybindings settings.
CLDS: * Disk size = 6585672K. Space Used = 24K. Runtime = 00:00:00:02.
